[14:34:55 - main] [ExecuteJAR.java:145] [INFO] - Unpacking simulation config: simulation.csc -> simulation.csc
[14:34:55 - main] [ExecuteJAR.java:163] [INFO] - Unpacking external tools config: exttools.config -> exttools.config
[14:34:55 - main] [ExecuteJAR.java:508] [INFO] - Unpacked file from JAR: udp-sink.sky
[14:34:55 - main] [ExecuteJAR.java:508] [INFO] - Unpacked file from JAR: udp-sender.sky
[14:34:55 - main] [ExecuteJAR.java:189] [INFO] - Starting simulation
[14:34:55 - main] [GUI.java:1156] [INFO] - > Starting COOJA
[14:34:55 - main] [GUI.java:2660] [INFO] - External tools default settings: /external_tools_linux.config
[14:34:55 - main] [GUI.java:2690] [INFO] - External tools user settings: cooja_simulation/exttools.config
[14:34:55 - main] [Simulation.java:409] [INFO] - Simulation random seed: 123456
[14:34:55 - main] [MspMote.java:253] [INFO] - Loading firmware from: /home/user/contiki-2.x/examples/my_rpl_metric/6/cooja_simulation/udp-sink.sky
[14:34:55 - main] [MspMote.java:253] [INFO] - Loading firmware from: /home/user/contiki-2.x/examples/my_rpl_metric/6/cooja_simulation/udp-sender.sky
[14:34:56 - main] [MspMote.java:253] [INFO] - Loading firmware from: /home/user/contiki-2.x/examples/my_rpl_metric/6/cooja_simulation/udp-sender.sky
[14:34:56 - main] [MspMote.java:253] [INFO] - Loading firmware from: /home/user/contiki-2.x/examples/my_rpl_metric/6/cooja_simulation/udp-sender.sky
[14:34:56 - main] [MspMote.java:253] [INFO] - Loading firmware from: /home/user/contiki-2.x/examples/my_rpl_metric/6/cooja_simulation/udp-sender.sky
[14:34:56 - main] [MspMote.java:253] [INFO] - Loading firmware from: /home/user/contiki-2.x/examples/my_rpl_metric/6/cooja_simulation/udp-sender.sky
[14:34:56 - main] [MspMote.java:253] [INFO] - Loading firmware from: /home/user/contiki-2.x/examples/my_rpl_metric/6/cooja_simulation/udp-sender.sky
[14:34:56 - main] [MspMote.java:253] [INFO] - Loading firmware from: /home/user/contiki-2.x/examples/my_rpl_metric/6/cooja_simulation/udp-sender.sky
[14:34:56 - main] [MspMote.java:253] [INFO] - Loading firmware from: /home/user/contiki-2.x/examples/my_rpl_metric/6/cooja_simulation/udp-sender.sky
[14:34:56 - main] [MspMote.java:253] [INFO] - Loading firmware from: /home/user/contiki-2.x/examples/my_rpl_metric/6/cooja_simulation/udp-sender.sky
[14:34:56 - main] [MspMote.java:253] [INFO] - Loading firmware from: /home/user/contiki-2.x/examples/my_rpl_metric/6/cooja_simulation/udp-sender.sky
[14:34:56 - main] [MspMote.java:253] [INFO] - Loading firmware from: /home/user/contiki-2.x/examples/my_rpl_metric/6/cooja_simulation/udp-sender.sky
[14:34:56 - main] [MspMote.java:253] [INFO] - Loading firmware from: /home/user/contiki-2.x/examples/my_rpl_metric/6/cooja_simulation/udp-sender.sky
[14:34:56 - main] [MspMote.java:253] [INFO] - Loading firmware from: /home/user/contiki-2.x/examples/my_rpl_metric/6/cooja_simulation/udp-sender.sky
[14:34:56 - main] [MspMote.java:253] [INFO] - Loading firmware from: /home/user/contiki-2.x/examples/my_rpl_metric/6/cooja_simulation/udp-sender.sky
[14:34:56 - main] [MspMote.java:253] [INFO] - Loading firmware from: /home/user/contiki-2.x/examples/my_rpl_metric/6/cooja_simulation/udp-sender.sky
[14:34:56 - main] [MspMote.java:253] [INFO] - Loading firmware from: /home/user/contiki-2.x/examples/my_rpl_metric/6/cooja_simulation/udp-sender.sky
[14:34:56 - main] [MspMote.java:253] [INFO] - Loading firmware from: /home/user/contiki-2.x/examples/my_rpl_metric/6/cooja_simulation/udp-sender.sky
[14:34:56 - main] [MspMote.java:253] [INFO] - Loading firmware from: /home/user/contiki-2.x/examples/my_rpl_metric/6/cooja_simulation/udp-sender.sky
[14:34:56 - main] [MspMote.java:253] [INFO] - Loading firmware from: /home/user/contiki-2.x/examples/my_rpl_metric/6/cooja_simulation/udp-sender.sky
[14:34:56 - main] [MspMote.java:253] [INFO] - Loading firmware from: /home/user/contiki-2.x/examples/my_rpl_metric/6/cooja_simulation/udp-sender.sky
[14:34:57 - main] [GUI.java:1599] [INFO] - Visualized plugin was not started: class se.sics.cooja.plugins.SimControl
[14:34:57 - main] [GUI.java:1599] [INFO] - Visualized plugin was not started: class se.sics.cooja.plugins.Visualizer
[14:34:57 - main] [GUI.java:1599] [INFO] - Visualized plugin was not started: class se.sics.cooja.plugins.LogListener
[14:34:57 - main] [GUI.java:1599] [INFO] - Visualized plugin was not started: class se.sics.cooja.plugins.TimeLine
[14:34:57 - main] [ScriptRunner.java:333] [INFO] - Test script activated
[14:34:57 - Thread-3] [Simulation.java:243] [INFO] - Simulation main loop started, system time: 1319805297331
[14:35:09 - Thread-3] [LogScriptEngine.java:276] [INFO] - Test script at 5%
[14:35:18 - Thread-3] [LogScriptEngine.java:276] [INFO] - Test script at 10%
[14:35:28 - Thread-3] [LogScriptEngine.java:276] [INFO] - Test script at 15%
[14:35:37 - Thread-3] [LogScriptEngine.java:276] [INFO] - Test script at 20%
[14:35:46 - Thread-3] [LogScriptEngine.java:276] [INFO] - Test script at 25%
[14:35:54 - Thread-3] [LogScriptEngine.java:276] [INFO] - Test script at 30%
[14:36:03 - Thread-3] [LogScriptEngine.java:276] [INFO] - Test script at 35%
[14:36:11 - Thread-3] [LogScriptEngine.java:276] [INFO] - Test script at 40%
[14:36:20 - Thread-3] [LogScriptEngine.java:276] [INFO] - Test script at 45%
[14:36:28 - Thread-3] [LogScriptEngine.java:276] [INFO] - Test script at 50%
[14:36:37 - Thread-3] [LogScriptEngine.java:276] [INFO] - Test script at 55%
[14:36:45 - Thread-3] [LogScriptEngine.java:276] [INFO] - Test script at 60%
[14:36:54 - Thread-3] [LogScriptEngine.java:276] [INFO] - Test script at 65%
[14:37:02 - Thread-3] [LogScriptEngine.java:276] [INFO] - Test script at 70%
[14:37:11 - Thread-3] [LogScriptEngine.java:276] [INFO] - Test script at 75%
[14:37:20 - Thread-3] [LogScriptEngine.java:276] [INFO] - Test script at 80%
[14:37:29 - Thread-3] [LogScriptEngine.java:276] [INFO] - Test script at 85%
[14:37:37 - Thread-3] [LogScriptEngine.java:276] [INFO] - Test script at 90%
[14:37:46 - Thread-3] [LogScriptEngine.java:276] [INFO] - Test script at 95%
[14:37:54 - Thread-3] [LogScriptEngine.java:449] [INFO] - Timeout event @ 600000000
[14:37:54 - Thread-2] [LogScriptEngine.java:326] [INFO] - Test script finished
[14:37:54 - Thread-3] [Simulation.java:297] [INFO] - Simulation main loop stopped, system time: 1319805474793	Duration: 177462 ms	Simulated time 600000 ms	Ratio 3.381005511038983
[14:37:55 - AWT-EventQueue-0] [ScriptRunner.java:372] [INFO] - Test script deactivated
