[10:57:11 - main] [ExecuteJAR.java:145] [INFO] - Unpacking simulation config: simulation.csc -> simulation.csc
[10:57:11 - main] [ExecuteJAR.java:163] [INFO] - Unpacking external tools config: exttools.config -> exttools.config
[10:57:11 - main] [ExecuteJAR.java:508] [INFO] - Unpacked file from JAR: udp-sink.sky
[10:57:11 - main] [ExecuteJAR.java:508] [INFO] - Unpacked file from JAR: udp-sender.sky
[10:57:11 - main] [ExecuteJAR.java:189] [INFO] - Starting simulation
[10:57:12 - main] [GUI.java:1156] [INFO] - > Starting COOJA
[10:57:12 - main] [GUI.java:2660] [INFO] - External tools default settings: /external_tools_linux.config
[10:57:12 - main] [GUI.java:2690] [INFO] - External tools user settings: cooja_simulation/exttools.config
[10:57:12 - main] [Simulation.java:409] [INFO] - Simulation random seed: 123456
[10:57:12 - main] [MspMote.java:253] [INFO] - Loading firmware from: /home/user/contiki-2.x/examples/my_rpl_metric/5/cooja_simulation/udp-sink.sky
[10:57:13 - main] [MspMote.java:253] [INFO] - Loading firmware from: /home/user/contiki-2.x/examples/my_rpl_metric/5/cooja_simulation/udp-sender.sky
[10:57:13 - main] [MspMote.java:253] [INFO] - Loading firmware from: /home/user/contiki-2.x/examples/my_rpl_metric/5/cooja_simulation/udp-sender.sky
[10:57:13 - main] [MspMote.java:253] [INFO] - Loading firmware from: /home/user/contiki-2.x/examples/my_rpl_metric/5/cooja_simulation/udp-sender.sky
[10:57:13 - main] [MspMote.java:253] [INFO] - Loading firmware from: /home/user/contiki-2.x/examples/my_rpl_metric/5/cooja_simulation/udp-sender.sky
[10:57:13 - main] [MspMote.java:253] [INFO] - Loading firmware from: /home/user/contiki-2.x/examples/my_rpl_metric/5/cooja_simulation/udp-sender.sky
[10:57:13 - main] [MspMote.java:253] [INFO] - Loading firmware from: /home/user/contiki-2.x/examples/my_rpl_metric/5/cooja_simulation/udp-sender.sky
[10:57:13 - main] [MspMote.java:253] [INFO] - Loading firmware from: /home/user/contiki-2.x/examples/my_rpl_metric/5/cooja_simulation/udp-sender.sky
[10:57:13 - main] [MspMote.java:253] [INFO] - Loading firmware from: /home/user/contiki-2.x/examples/my_rpl_metric/5/cooja_simulation/udp-sender.sky
[10:57:13 - main] [MspMote.java:253] [INFO] - Loading firmware from: /home/user/contiki-2.x/examples/my_rpl_metric/5/cooja_simulation/udp-sender.sky
[10:57:13 - main] [MspMote.java:253] [INFO] - Loading firmware from: /home/user/contiki-2.x/examples/my_rpl_metric/5/cooja_simulation/udp-sender.sky
[10:57:13 - main] [MspMote.java:253] [INFO] - Loading firmware from: /home/user/contiki-2.x/examples/my_rpl_metric/5/cooja_simulation/udp-sender.sky
[10:57:13 - main] [MspMote.java:253] [INFO] - Loading firmware from: /home/user/contiki-2.x/examples/my_rpl_metric/5/cooja_simulation/udp-sender.sky
[10:57:13 - main] [MspMote.java:253] [INFO] - Loading firmware from: /home/user/contiki-2.x/examples/my_rpl_metric/5/cooja_simulation/udp-sender.sky
[10:57:14 - main] [MspMote.java:253] [INFO] - Loading firmware from: /home/user/contiki-2.x/examples/my_rpl_metric/5/cooja_simulation/udp-sender.sky
[10:57:14 - main] [MspMote.java:253] [INFO] - Loading firmware from: /home/user/contiki-2.x/examples/my_rpl_metric/5/cooja_simulation/udp-sender.sky
[10:57:14 - main] [MspMote.java:253] [INFO] - Loading firmware from: /home/user/contiki-2.x/examples/my_rpl_metric/5/cooja_simulation/udp-sender.sky
[10:57:14 - main] [MspMote.java:253] [INFO] - Loading firmware from: /home/user/contiki-2.x/examples/my_rpl_metric/5/cooja_simulation/udp-sender.sky
[10:57:14 - main] [MspMote.java:253] [INFO] - Loading firmware from: /home/user/contiki-2.x/examples/my_rpl_metric/5/cooja_simulation/udp-sender.sky
[10:57:14 - main] [MspMote.java:253] [INFO] - Loading firmware from: /home/user/contiki-2.x/examples/my_rpl_metric/5/cooja_simulation/udp-sender.sky
[10:57:14 - main] [MspMote.java:253] [INFO] - Loading firmware from: /home/user/contiki-2.x/examples/my_rpl_metric/5/cooja_simulation/udp-sender.sky
[10:57:14 - main] [GUI.java:1599] [INFO] - Visualized plugin was not started: class se.sics.cooja.plugins.SimControl
[10:57:14 - main] [GUI.java:1599] [INFO] - Visualized plugin was not started: class se.sics.cooja.plugins.Visualizer
[10:57:14 - main] [GUI.java:1599] [INFO] - Visualized plugin was not started: class se.sics.cooja.plugins.LogListener
[10:57:14 - main] [GUI.java:1599] [INFO] - Visualized plugin was not started: class se.sics.cooja.plugins.TimeLine
[10:57:14 - main] [ScriptRunner.java:333] [INFO] - Test script activated
[10:57:14 - Thread-3] [Simulation.java:243] [INFO] - Simulation main loop started, system time: 1319014634520
[10:57:32 - Thread-3] [LogScriptEngine.java:276] [INFO] - Test script at 5%
[10:57:44 - Thread-3] [LogScriptEngine.java:276] [INFO] - Test script at 10%
[10:57:56 - Thread-3] [LogScriptEngine.java:276] [INFO] - Test script at 15%
[10:58:09 - Thread-3] [LogScriptEngine.java:276] [INFO] - Test script at 20%
[10:58:22 - Thread-3] [LogScriptEngine.java:276] [INFO] - Test script at 25%
[10:58:34 - Thread-3] [LogScriptEngine.java:276] [INFO] - Test script at 30%
[10:58:47 - Thread-3] [LogScriptEngine.java:276] [INFO] - Test script at 35%
[10:58:59 - Thread-3] [LogScriptEngine.java:276] [INFO] - Test script at 40%
[10:59:12 - Thread-3] [LogScriptEngine.java:276] [INFO] - Test script at 45%
[10:59:23 - Thread-3] [LogScriptEngine.java:276] [INFO] - Test script at 50%
[10:59:36 - Thread-3] [LogScriptEngine.java:276] [INFO] - Test script at 55%
[10:59:48 - Thread-3] [LogScriptEngine.java:276] [INFO] - Test script at 60%
[11:00:01 - Thread-3] [LogScriptEngine.java:276] [INFO] - Test script at 65%
[11:00:13 - Thread-3] [LogScriptEngine.java:276] [INFO] - Test script at 70%
[11:00:26 - Thread-3] [LogScriptEngine.java:276] [INFO] - Test script at 75%
[11:00:39 - Thread-3] [LogScriptEngine.java:276] [INFO] - Test script at 80%
[11:00:52 - Thread-3] [LogScriptEngine.java:276] [INFO] - Test script at 85%
[11:01:04 - Thread-3] [LogScriptEngine.java:276] [INFO] - Test script at 90%
[11:01:17 - Thread-3] [LogScriptEngine.java:276] [INFO] - Test script at 95%
[11:01:28 - Thread-3] [LogScriptEngine.java:449] [INFO] - Timeout event @ 600000000
[11:01:28 - Thread-2] [LogScriptEngine.java:326] [INFO] - Test script finished
[11:01:28 - Thread-3] [Simulation.java:297] [INFO] - Simulation main loop stopped, system time: 1319014888988	Duration: 254468 ms	Simulated time 600000 ms	Ratio 2.357860320354622
[11:01:29 - AWT-EventQueue-0] [ScriptRunner.java:372] [INFO] - Test script deactivated
