[14:34:49 - main] [ExecuteJAR.java:145] [INFO] - Unpacking simulation config: simulation.csc -> simulation.csc
[14:34:49 - main] [ExecuteJAR.java:163] [INFO] - Unpacking external tools config: exttools.config -> exttools.config
[14:34:49 - main] [ExecuteJAR.java:508] [INFO] - Unpacked file from JAR: udp-sink.sky
[14:34:49 - main] [ExecuteJAR.java:508] [INFO] - Unpacked file from JAR: udp-sender.sky
[14:34:49 - main] [ExecuteJAR.java:189] [INFO] - Starting simulation
[14:34:49 - main] [GUI.java:1156] [INFO] - > Starting COOJA
[14:34:50 - main] [GUI.java:2660] [INFO] - External tools default settings: /external_tools_linux.config
[14:34:50 - main] [GUI.java:2690] [INFO] - External tools user settings: cooja_simulation/exttools.config
[14:34:50 - main] [Simulation.java:409] [INFO] - Simulation random seed: 123456
[14:34:50 - main] [MspMote.java:253] [INFO] - Loading firmware from: /home/user/contiki-2.x/examples/my_rpl_metric/5/cooja_simulation/udp-sink.sky
[14:34:50 - main] [MspMote.java:253] [INFO] - Loading firmware from: /home/user/contiki-2.x/examples/my_rpl_metric/5/cooja_simulation/udp-sender.sky
[14:34:50 - main] [MspMote.java:253] [INFO] - Loading firmware from: /home/user/contiki-2.x/examples/my_rpl_metric/5/cooja_simulation/udp-sender.sky
[14:34:50 - main] [MspMote.java:253] [INFO] - Loading firmware from: /home/user/contiki-2.x/examples/my_rpl_metric/5/cooja_simulation/udp-sender.sky
[14:34:50 - main] [MspMote.java:253] [INFO] - Loading firmware from: /home/user/contiki-2.x/examples/my_rpl_metric/5/cooja_simulation/udp-sender.sky
[14:34:50 - main] [MspMote.java:253] [INFO] - Loading firmware from: /home/user/contiki-2.x/examples/my_rpl_metric/5/cooja_simulation/udp-sender.sky
[14:34:50 - main] [MspMote.java:253] [INFO] - Loading firmware from: /home/user/contiki-2.x/examples/my_rpl_metric/5/cooja_simulation/udp-sender.sky
[14:34:50 - main] [MspMote.java:253] [INFO] - Loading firmware from: /home/user/contiki-2.x/examples/my_rpl_metric/5/cooja_simulation/udp-sender.sky
[14:34:51 - main] [MspMote.java:253] [INFO] - Loading firmware from: /home/user/contiki-2.x/examples/my_rpl_metric/5/cooja_simulation/udp-sender.sky
[14:34:51 - main] [MspMote.java:253] [INFO] - Loading firmware from: /home/user/contiki-2.x/examples/my_rpl_metric/5/cooja_simulation/udp-sender.sky
[14:34:51 - main] [MspMote.java:253] [INFO] - Loading firmware from: /home/user/contiki-2.x/examples/my_rpl_metric/5/cooja_simulation/udp-sender.sky
[14:34:51 - main] [MspMote.java:253] [INFO] - Loading firmware from: /home/user/contiki-2.x/examples/my_rpl_metric/5/cooja_simulation/udp-sender.sky
[14:34:51 - main] [MspMote.java:253] [INFO] - Loading firmware from: /home/user/contiki-2.x/examples/my_rpl_metric/5/cooja_simulation/udp-sender.sky
[14:34:51 - main] [MspMote.java:253] [INFO] - Loading firmware from: /home/user/contiki-2.x/examples/my_rpl_metric/5/cooja_simulation/udp-sender.sky
[14:34:51 - main] [MspMote.java:253] [INFO] - Loading firmware from: /home/user/contiki-2.x/examples/my_rpl_metric/5/cooja_simulation/udp-sender.sky
[14:34:51 - main] [MspMote.java:253] [INFO] - Loading firmware from: /home/user/contiki-2.x/examples/my_rpl_metric/5/cooja_simulation/udp-sender.sky
[14:34:51 - main] [MspMote.java:253] [INFO] - Loading firmware from: /home/user/contiki-2.x/examples/my_rpl_metric/5/cooja_simulation/udp-sender.sky
[14:34:51 - main] [MspMote.java:253] [INFO] - Loading firmware from: /home/user/contiki-2.x/examples/my_rpl_metric/5/cooja_simulation/udp-sender.sky
[14:34:51 - main] [MspMote.java:253] [INFO] - Loading firmware from: /home/user/contiki-2.x/examples/my_rpl_metric/5/cooja_simulation/udp-sender.sky
[14:34:51 - main] [MspMote.java:253] [INFO] - Loading firmware from: /home/user/contiki-2.x/examples/my_rpl_metric/5/cooja_simulation/udp-sender.sky
[14:34:51 - main] [MspMote.java:253] [INFO] - Loading firmware from: /home/user/contiki-2.x/examples/my_rpl_metric/5/cooja_simulation/udp-sender.sky
[14:34:51 - main] [GUI.java:1599] [INFO] - Visualized plugin was not started: class se.sics.cooja.plugins.SimControl
[14:34:51 - main] [GUI.java:1599] [INFO] - Visualized plugin was not started: class se.sics.cooja.plugins.Visualizer
[14:34:51 - main] [GUI.java:1599] [INFO] - Visualized plugin was not started: class se.sics.cooja.plugins.LogListener
[14:34:51 - main] [GUI.java:1599] [INFO] - Visualized plugin was not started: class se.sics.cooja.plugins.TimeLine
[14:34:51 - main] [ScriptRunner.java:333] [INFO] - Test script activated
[14:34:51 - Thread-3] [Simulation.java:243] [INFO] - Simulation main loop started, system time: 1319805291671
[14:35:04 - Thread-3] [LogScriptEngine.java:276] [INFO] - Test script at 5%
[14:35:13 - Thread-3] [LogScriptEngine.java:276] [INFO] - Test script at 10%
[14:35:22 - Thread-3] [LogScriptEngine.java:276] [INFO] - Test script at 15%
[14:35:31 - Thread-3] [LogScriptEngine.java:276] [INFO] - Test script at 20%
[14:35:40 - Thread-3] [LogScriptEngine.java:276] [INFO] - Test script at 25%
[14:35:49 - Thread-3] [LogScriptEngine.java:276] [INFO] - Test script at 30%
[14:35:57 - Thread-3] [LogScriptEngine.java:276] [INFO] - Test script at 35%
[14:36:06 - Thread-3] [LogScriptEngine.java:276] [INFO] - Test script at 40%
[14:36:15 - Thread-3] [LogScriptEngine.java:276] [INFO] - Test script at 45%
[14:36:23 - Thread-3] [LogScriptEngine.java:276] [INFO] - Test script at 50%
[14:36:32 - Thread-3] [LogScriptEngine.java:276] [INFO] - Test script at 55%
[14:36:40 - Thread-3] [LogScriptEngine.java:276] [INFO] - Test script at 60%
[14:36:49 - Thread-3] [LogScriptEngine.java:276] [INFO] - Test script at 65%
[14:36:58 - Thread-3] [LogScriptEngine.java:276] [INFO] - Test script at 70%
[14:37:08 - Thread-3] [LogScriptEngine.java:276] [INFO] - Test script at 75%
[14:37:17 - Thread-3] [LogScriptEngine.java:276] [INFO] - Test script at 80%
[14:37:25 - Thread-3] [LogScriptEngine.java:276] [INFO] - Test script at 85%
[14:37:34 - Thread-3] [LogScriptEngine.java:276] [INFO] - Test script at 90%
[14:37:43 - Thread-3] [LogScriptEngine.java:276] [INFO] - Test script at 95%
[14:37:51 - Thread-3] [LogScriptEngine.java:449] [INFO] - Timeout event @ 600000000
[14:37:51 - Thread-2] [LogScriptEngine.java:326] [INFO] - Test script finished
[14:37:51 - Thread-3] [Simulation.java:297] [INFO] - Simulation main loop stopped, system time: 1319805471478	Duration: 179807 ms	Simulated time 600000 ms	Ratio 3.3369112437224357
[14:37:51 - AWT-EventQueue-0] [ScriptRunner.java:372] [INFO] - Test script deactivated
