[10:57:04 - main] [ExecuteJAR.java:145] [INFO] - Unpacking simulation config: simulation.csc -> simulation.csc
[10:57:04 - main] [ExecuteJAR.java:163] [INFO] - Unpacking external tools config: exttools.config -> exttools.config
[10:57:04 - main] [ExecuteJAR.java:508] [INFO] - Unpacked file from JAR: udp-sink.sky
[10:57:04 - main] [ExecuteJAR.java:508] [INFO] - Unpacked file from JAR: udp-sender.sky
[10:57:04 - main] [ExecuteJAR.java:189] [INFO] - Starting simulation
[10:57:04 - main] [GUI.java:1156] [INFO] - > Starting COOJA
[10:57:04 - main] [GUI.java:2660] [INFO] - External tools default settings: /external_tools_linux.config
[10:57:04 - main] [GUI.java:2690] [INFO] - External tools user settings: cooja_simulation/exttools.config
[10:57:05 - main] [Simulation.java:409] [INFO] - Simulation random seed: 123456
[10:57:05 - main] [MspMote.java:253] [INFO] - Loading firmware from: /home/user/contiki-2.x/examples/my_rpl_metric/4/cooja_simulation/udp-sink.sky
[10:57:05 - main] [MspMote.java:253] [INFO] - Loading firmware from: /home/user/contiki-2.x/examples/my_rpl_metric/4/cooja_simulation/udp-sender.sky
[10:57:05 - main] [MspMote.java:253] [INFO] - Loading firmware from: /home/user/contiki-2.x/examples/my_rpl_metric/4/cooja_simulation/udp-sender.sky
[10:57:05 - main] [MspMote.java:253] [INFO] - Loading firmware from: /home/user/contiki-2.x/examples/my_rpl_metric/4/cooja_simulation/udp-sender.sky
[10:57:05 - main] [MspMote.java:253] [INFO] - Loading firmware from: /home/user/contiki-2.x/examples/my_rpl_metric/4/cooja_simulation/udp-sender.sky
[10:57:05 - main] [MspMote.java:253] [INFO] - Loading firmware from: /home/user/contiki-2.x/examples/my_rpl_metric/4/cooja_simulation/udp-sender.sky
[10:57:05 - main] [MspMote.java:253] [INFO] - Loading firmware from: /home/user/contiki-2.x/examples/my_rpl_metric/4/cooja_simulation/udp-sender.sky
[10:57:05 - main] [MspMote.java:253] [INFO] - Loading firmware from: /home/user/contiki-2.x/examples/my_rpl_metric/4/cooja_simulation/udp-sender.sky
[10:57:06 - main] [MspMote.java:253] [INFO] - Loading firmware from: /home/user/contiki-2.x/examples/my_rpl_metric/4/cooja_simulation/udp-sender.sky
[10:57:06 - main] [MspMote.java:253] [INFO] - Loading firmware from: /home/user/contiki-2.x/examples/my_rpl_metric/4/cooja_simulation/udp-sender.sky
[10:57:06 - main] [MspMote.java:253] [INFO] - Loading firmware from: /home/user/contiki-2.x/examples/my_rpl_metric/4/cooja_simulation/udp-sender.sky
[10:57:06 - main] [MspMote.java:253] [INFO] - Loading firmware from: /home/user/contiki-2.x/examples/my_rpl_metric/4/cooja_simulation/udp-sender.sky
[10:57:06 - main] [MspMote.java:253] [INFO] - Loading firmware from: /home/user/contiki-2.x/examples/my_rpl_metric/4/cooja_simulation/udp-sender.sky
[10:57:06 - main] [MspMote.java:253] [INFO] - Loading firmware from: /home/user/contiki-2.x/examples/my_rpl_metric/4/cooja_simulation/udp-sender.sky
[10:57:06 - main] [MspMote.java:253] [INFO] - Loading firmware from: /home/user/contiki-2.x/examples/my_rpl_metric/4/cooja_simulation/udp-sender.sky
[10:57:06 - main] [MspMote.java:253] [INFO] - Loading firmware from: /home/user/contiki-2.x/examples/my_rpl_metric/4/cooja_simulation/udp-sender.sky
[10:57:06 - main] [MspMote.java:253] [INFO] - Loading firmware from: /home/user/contiki-2.x/examples/my_rpl_metric/4/cooja_simulation/udp-sender.sky
[10:57:06 - main] [MspMote.java:253] [INFO] - Loading firmware from: /home/user/contiki-2.x/examples/my_rpl_metric/4/cooja_simulation/udp-sender.sky
[10:57:06 - main] [MspMote.java:253] [INFO] - Loading firmware from: /home/user/contiki-2.x/examples/my_rpl_metric/4/cooja_simulation/udp-sender.sky
[10:57:06 - main] [MspMote.java:253] [INFO] - Loading firmware from: /home/user/contiki-2.x/examples/my_rpl_metric/4/cooja_simulation/udp-sender.sky
[10:57:06 - main] [MspMote.java:253] [INFO] - Loading firmware from: /home/user/contiki-2.x/examples/my_rpl_metric/4/cooja_simulation/udp-sender.sky
[10:57:06 - main] [GUI.java:1599] [INFO] - Visualized plugin was not started: class se.sics.cooja.plugins.SimControl
[10:57:06 - main] [GUI.java:1599] [INFO] - Visualized plugin was not started: class se.sics.cooja.plugins.Visualizer
[10:57:06 - main] [GUI.java:1599] [INFO] - Visualized plugin was not started: class se.sics.cooja.plugins.LogListener
[10:57:06 - main] [GUI.java:1599] [INFO] - Visualized plugin was not started: class se.sics.cooja.plugins.TimeLine
[10:57:06 - main] [ScriptRunner.java:333] [INFO] - Test script activated
[10:57:06 - Thread-3] [Simulation.java:243] [INFO] - Simulation main loop started, system time: 1319014626738
[10:57:26 - Thread-3] [LogScriptEngine.java:276] [INFO] - Test script at 5%
[10:57:41 - Thread-3] [LogScriptEngine.java:276] [INFO] - Test script at 10%
[10:57:57 - Thread-3] [LogScriptEngine.java:276] [INFO] - Test script at 15%
[10:58:12 - Thread-3] [LogScriptEngine.java:276] [INFO] - Test script at 20%
[10:58:28 - Thread-3] [LogScriptEngine.java:276] [INFO] - Test script at 25%
[10:58:43 - Thread-3] [LogScriptEngine.java:276] [INFO] - Test script at 30%
[10:58:58 - Thread-3] [LogScriptEngine.java:276] [INFO] - Test script at 35%
[10:59:13 - Thread-3] [LogScriptEngine.java:276] [INFO] - Test script at 40%
[10:59:28 - Thread-3] [LogScriptEngine.java:276] [INFO] - Test script at 45%
[10:59:44 - Thread-3] [LogScriptEngine.java:276] [INFO] - Test script at 50%
[10:59:59 - Thread-3] [LogScriptEngine.java:276] [INFO] - Test script at 55%
[11:00:14 - Thread-3] [LogScriptEngine.java:276] [INFO] - Test script at 60%
[11:00:30 - Thread-3] [LogScriptEngine.java:276] [INFO] - Test script at 65%
[11:00:45 - Thread-3] [LogScriptEngine.java:276] [INFO] - Test script at 70%
[11:01:00 - Thread-3] [LogScriptEngine.java:276] [INFO] - Test script at 75%
[11:01:14 - Thread-3] [LogScriptEngine.java:276] [INFO] - Test script at 80%
[11:01:29 - Thread-3] [LogScriptEngine.java:276] [INFO] - Test script at 85%
[11:01:43 - Thread-3] [LogScriptEngine.java:276] [INFO] - Test script at 90%
[11:01:57 - Thread-3] [LogScriptEngine.java:276] [INFO] - Test script at 95%
[11:02:10 - Thread-3] [LogScriptEngine.java:449] [INFO] - Timeout event @ 600000000
[11:02:10 - Thread-2] [LogScriptEngine.java:326] [INFO] - Test script finished
[11:02:10 - Thread-3] [Simulation.java:297] [INFO] - Simulation main loop stopped, system time: 1319014930615	Duration: 303877 ms	Simulated time 600000 ms	Ratio 1.974483096779289
[11:02:11 - AWT-EventQueue-0] [ScriptRunner.java:372] [INFO] - Test script deactivated
